<?xml version="1.0" encoding="UTF-8"?>
<!-- Generated by org.testng.reporters.JUnitXMLReporter -->
<testsuite ignored="2" hostname="DESKTOP-6CV4G98" failures="0" tests="2" name="Test" time="5.528" errors="0" timestamp="2022-04-04T08:55:01 IST">
  <testcase classname="test.LoginTest" name="login" time="4.385"/>
  <testcase classname="test.HomePageTest" name="logout" time="1.035"/>
  <testcase classname="test.BaseTest" name="@BeforeSuite beforeSuite" time="0.0">
    <ignored/>
  </testcase> <!-- @BeforeSuite beforeSuite -->
  <testcase classname="test.BaseTest" name="@AfterSuite afterSuite" time="0.0">
    <ignored/>
  </testcase> <!-- @AfterSuite afterSuite -->
</testsuite> <!-- Test -->
